This is pdfTeX, Version 3.14159265-2.6-1.40.20 (TeX Live 2019) (preloaded format=pdflatex 2020.2.18)  1 MAR 2020 15:22
entering extended mode
 restricted \write18 enabled.
 %&-line parsing enabled.
**elsarticle-template-num.tex elsarticle-template-harv.tex
(./elsarticle-template-num.tex
LaTeX2e <2020-02-02> patch level 2
L3 programming layer <2020-02-14> (./elsarticle.cls
Document Class: elsarticle 2009/09/17, 1.20b: Elsevier Ltd
\@bls=\dimen134
(/opt/texlive/2020/texmf-dist/tex/latex/base/article.cls
Document Class: article 2019/12/20 v1.4l Standard LaTeX document class
(/opt/texlive/2020/texmf-dist/tex/latex/base/size12.clo
File: size12.clo 2019/12/20 v1.4l Standard LaTeX file (size option)
)
\c@part=\count167
\c@section=\count168
\c@subsection=\count169
\c@subsubsection=\count170
\c@paragraph=\count171
\c@subparagraph=\count172
\c@figure=\count173
\c@table=\count174
\abovecaptionskip=\skip47
\belowcaptionskip=\skip48
\bibindent=\dimen135
)
(/opt/texlive/2020/texmf-dist/tex/latex/graphics/graphicx.sty
Package: graphicx 2019/11/30 v1.2a Enhanced LaTeX Graphics (DPC,SPQR)

(/opt/texlive/2020/texmf-dist/tex/latex/graphics/keyval.sty
Package: keyval 2014/10/28 v1.15 key=value parser (DPC)
\KV@toks@=\toks14
)
(/opt/texlive/2020/texmf-dist/tex/latex/graphics/graphics.sty
Package: graphics 2019/11/30 v1.4a Standard LaTeX Graphics (DPC,SPQR)

(/opt/texlive/2020/texmf-dist/tex/latex/graphics/trig.sty
Package: trig 2016/01/03 v1.10 sin cos tan (DPC)
)
(/opt/texlive/2020/texmf-dist/tex/latex/graphics-cfg/graphics.cfg
File: graphics.cfg 2016/06/04 v1.11 sample graphics configuration
)
Package graphics Info: Driver file: pdftex.def on input line 105.

(/opt/texlive/2020/texmf-dist/tex/latex/graphics-def/pdftex.def
File: pdftex.def 2018/01/08 v1.0l Graphics/color driver for pdftex
))
\Gin@req@height=\dimen136
\Gin@req@width=\dimen137
)
(/opt/texlive/2020/texmf-dist/tex/latex/psnfss/pifont.sty
Package: pifont 2005/04/12 PSNFSS-v9.2a Pi font support (SPQR) 
LaTeX Font Info:    Trying to load font information for U+pzd on input line 63.


(/opt/texlive/2020/texmf-dist/tex/latex/psnfss/upzd.fd
File: upzd.fd 2001/06/04 font definitions for U/pzd.
)
LaTeX Font Info:    Trying to load font information for U+psy on input line 64.


(/opt/texlive/2020/texmf-dist/tex/latex/psnfss/upsy.fd
File: upsy.fd 2001/06/04 font definitions for U/psy.
))
\c@tnote=\count175
\c@fnote=\count176
\c@cnote=\count177
\c@ead=\count178
\c@author=\count179
\@eadauthor=\toks15
\c@affn=\count180
\absbox=\box45
\keybox=\box46
\Columnwidth=\dimen138
\space@left=\dimen139
\els@boxa=\box47
\els@boxb=\box48
\leftMargin=\dimen140
\@enLab=\toks16
\@sep=\skip49
\@@sep=\skip50
 (./report.spl)
(/opt/texlive/2020/texmf-dist/tex/latex/natbib/natbib.sty
Package: natbib 2010/09/13 8.31b (PWD, AO)
\bibhang=\skip51
\bibsep=\skip52
LaTeX Info: Redefining \cite on input line 694.
\c@NAT@ctr=\count181
)
\splwrite=\write3
\openout3 = `report.spl'.

\appnamewidth=\dimen141
)
(/opt/texlive/2020/texmf-dist/tex/latex/amsfonts/amssymb.sty
Package: amssymb 2013/01/14 v3.01 AMS font symbols

(/opt/texlive/2020/texmf-dist/tex/latex/amsfonts/amsfonts.sty
Package: amsfonts 2013/01/14 v3.01 Basic AMSFonts support
\@emptytoks=\toks17
\symAMSa=\mathgroup4
\symAMSb=\mathgroup5
LaTeX Font Info:    Redeclaring math symbol \hbar on input line 98.
LaTeX Font Info:    Overwriting math alphabet `\mathfrak' in version `bold'
(Font)                  U/euf/m/n --> U/euf/b/n on input line 106.
))
(/opt/texlive/2020/texmf-dist/tex/latex/hyperref/hyperref.sty
Package: hyperref 2020/01/14 v7.00d Hypertext links for LaTeX

(/opt/texlive/2020/texmf-dist/tex/generic/ltxcmds/ltxcmds.sty
Package: ltxcmds 2019/12/15 v1.24 LaTeX kernel commands for general use (HO)
)
(/opt/texlive/2020/texmf-dist/tex/generic/iftex/iftex.sty
Package: iftex 2019/11/07 v1.0c TeX engine tests
)
(/opt/texlive/2020/texmf-dist/tex/latex/pdftexcmds/pdftexcmds.sty
Package: pdftexcmds 2019/11/24 v0.31 Utility functions of pdfTeX for LuaTeX (HO
)

(/opt/texlive/2020/texmf-dist/tex/generic/infwarerr/infwarerr.sty
Package: infwarerr 2019/12/03 v1.5 Providing info/warning/error messages (HO)
)
Package pdftexcmds Info: \pdf@primitive is available.
Package pdftexcmds Info: \pdf@ifprimitive is available.
Package pdftexcmds Info: \pdfdraftmode found.
)
(/opt/texlive/2020/texmf-dist/tex/generic/kvsetkeys/kvsetkeys.sty
Package: kvsetkeys 2019/12/15 v1.18 Key value parser (HO)
)
(/opt/texlive/2020/texmf-dist/tex/generic/kvdefinekeys/kvdefinekeys.sty
Package: kvdefinekeys 2019-12-19 v1.6 Define keys (HO)
)
(/opt/texlive/2020/texmf-dist/tex/generic/pdfescape/pdfescape.sty
Package: pdfescape 2019/12/09 v1.15 Implements pdfTeX's escape features (HO)
)
(/opt/texlive/2020/texmf-dist/tex/latex/hycolor/hycolor.sty
Package: hycolor 2020-01-27 v1.10 Color options for hyperref/bookmark (HO)
)
(/opt/texlive/2020/texmf-dist/tex/latex/letltxmacro/letltxmacro.sty
Package: letltxmacro 2019/12/03 v1.6 Let assignment for LaTeX macros (HO)
)
(/opt/texlive/2020/texmf-dist/tex/latex/auxhook/auxhook.sty
Package: auxhook 2019-12-17 v1.6 Hooks for auxiliary files (HO)
)
(/opt/texlive/2020/texmf-dist/tex/latex/kvoptions/kvoptions.sty
Package: kvoptions 2019/11/29 v3.13 Key value format for package options (HO)
)
\@linkdim=\dimen142
\Hy@linkcounter=\count182
\Hy@pagecounter=\count183

(/opt/texlive/2020/texmf-dist/tex/latex/hyperref/pd1enc.def
File: pd1enc.def 2020/01/14 v7.00d Hyperref: PDFDocEncoding definition (HO)
Now handling font encoding PD1 ...
... no UTF-8 mapping file for font encoding PD1
)
(/opt/texlive/2020/texmf-dist/tex/generic/intcalc/intcalc.sty
Package: intcalc 2019/12/15 v1.3 Expandable calculations with integers (HO)
)
(/opt/texlive/2020/texmf-dist/tex/generic/etexcmds/etexcmds.sty
Package: etexcmds 2019/12/15 v1.7 Avoid name clashes with e-TeX commands (HO)
)
\Hy@SavedSpaceFactor=\count184
\pdfmajorversion=\count185
Package hyperref Info: Option `colorlinks' set `true' on input line 4421.
Package hyperref Info: Hyper figures OFF on input line 4547.
Package hyperref Info: Link nesting OFF on input line 4552.
Package hyperref Info: Hyper index ON on input line 4555.
Package hyperref Info: Plain pages OFF on input line 4562.
Package hyperref Info: Backreferencing OFF on input line 4567.
Package hyperref Info: Implicit mode ON; LaTeX internals redefined.
Package hyperref Info: Bookmarks ON on input line 4800.
\c@Hy@tempcnt=\count186

(/opt/texlive/2020/texmf-dist/tex/latex/url/url.sty
\Urlmuskip=\muskip16
Package: url 2013/09/16  ver 3.4  Verb mode for urls, etc.
)
LaTeX Info: Redefining \url on input line 5159.
\XeTeXLinkMargin=\dimen143

(/opt/texlive/2020/texmf-dist/tex/generic/bitset/bitset.sty
Package: bitset 2019/12/09 v1.3 Handle bit-vector datatype (HO)

(/opt/texlive/2020/texmf-dist/tex/generic/bigintcalc/bigintcalc.sty
Package: bigintcalc 2019/12/15 v1.5 Expandable calculations on big integers (HO
)
))
\Fld@menulength=\count187
\Field@Width=\dimen144
\Fld@charsize=\dimen145
Package hyperref Info: Hyper figures OFF on input line 6430.
Package hyperref Info: Link nesting OFF on input line 6435.
Package hyperref Info: Hyper index ON on input line 6438.
Package hyperref Info: backreferencing OFF on input line 6445.
Package hyperref Info: Link coloring ON on input line 6448.
Package hyperref Info: Link coloring with OCG OFF on input line 6455.
Package hyperref Info: PDF/A mode OFF on input line 6460.
LaTeX Info: Redefining \ref on input line 6500.
LaTeX Info: Redefining \pageref on input line 6504.

(/opt/texlive/2020/texmf-dist/tex/generic/atbegshi/atbegshi.sty
Package: atbegshi 2019/12/05 v1.19 At begin shipout hook (HO)
)
\Hy@abspage=\count188
\c@Item=\count189
\c@Hfootnote=\count190
)
Package hyperref Info: Driver (autodetected): hpdftex.

(/opt/texlive/2020/texmf-dist/tex/latex/hyperref/hpdftex.def
File: hpdftex.def 2020/01/14 v7.00d Hyperref driver for pdfTeX

(/opt/texlive/2020/texmf-dist/tex/latex/atveryend/atveryend.sty
Package: atveryend 2019-12-11 v1.11 Hooks at the very end of document (HO)
Package atveryend Info: \enddocument detected (standard20110627).
)
\Fld@listcount=\count191
\c@bookmark@seq@number=\count192

(/opt/texlive/2020/texmf-dist/tex/latex/rerunfilecheck/rerunfilecheck.sty
Package: rerunfilecheck 2019/12/05 v1.9 Rerun checks for auxiliary files (HO)

(/opt/texlive/2020/texmf-dist/tex/generic/uniquecounter/uniquecounter.sty
Package: uniquecounter 2019/12/15 v1.4 Provide unlimited unique counter (HO)
)
Package uniquecounter Info: New unique counter `rerunfilecheck' on input line 2
86.
)
\Hy@SectionHShift=\skip53
)
(/opt/texlive/2020/texmf-dist/tex/latex/caption/caption.sty
Package: caption 2020/01/03 v3.4h Customizing captions (AR)

(/opt/texlive/2020/texmf-dist/tex/latex/caption/caption3.sty
Package: caption3 2020/01/03 v1.8h caption3 kernel (AR)
Package caption3 Info: TeX engine: e-TeX on input line 61.
\captionmargin=\dimen146
\captionmargin@=\dimen147
\captionwidth=\dimen148
\caption@tempdima=\dimen149
\caption@indent=\dimen150
\caption@parindent=\dimen151
\caption@hangindent=\dimen152
Package caption Info: elsarticle document class detected.
)
\c@caption@flags=\count193
\c@continuedfloat=\count194
Package caption Info: hyperref package is loaded.
)
(/opt/texlive/2020/texmf-dist/tex/latex/cleveref/cleveref.sty
Package: cleveref 2018/03/27 v0.21.4 Intelligent cross-referencing
Package cleveref Info: `hyperref' support loaded on input line 2370.
LaTeX Info: Redefining \cref on input line 2370.
LaTeX Info: Redefining \Cref on input line 2370.
LaTeX Info: Redefining \crefrange on input line 2370.
LaTeX Info: Redefining \Crefrange on input line 2370.
LaTeX Info: Redefining \cpageref on input line 2370.
LaTeX Info: Redefining \Cpageref on input line 2370.
LaTeX Info: Redefining \cpagerefrange on input line 2370.
LaTeX Info: Redefining \Cpagerefrange on input line 2370.
LaTeX Info: Redefining \labelcref on input line 2370.
LaTeX Info: Redefining \labelcpageref on input line 2370.
)
(/opt/texlive/2020/texmf-dist/tex/latex/caption/subcaption.sty
Package: subcaption 2020/01/22 v1.3d Sub-captions (AR)
\c@subfigure=\count195
\c@subtable=\count196
)
(/opt/texlive/2020/texmf-dist/tex/latex/l3backend/l3backend-pdfmode.def
File: l3backend-pdfmode.def 2020-02-03 L3 backend support: PDF mode
\l__kernel_color_stack_int=\count197
\l__pdf_internal_box=\box49
)
(./report.aux)
\openout1 = `report.aux'.

LaTeX Font Info:    Checking defaults for OML/cmm/m/it on input line 94.
LaTeX Font Info:    ... okay on input line 94.
LaTeX Font Info:    Checking defaults for OMS/cmsy/m/n on input line 94.
LaTeX Font Info:    ... okay on input line 94.
LaTeX Font Info:    Checking defaults for OT1/cmr/m/n on input line 94.
LaTeX Font Info:    ... okay on input line 94.
LaTeX Font Info:    Checking defaults for T1/cmr/m/n on input line 94.
LaTeX Font Info:    ... okay on input line 94.
LaTeX Font Info:    Checking defaults for TS1/cmr/m/n on input line 94.
LaTeX Font Info:    ... okay on input line 94.
LaTeX Font Info:    Checking defaults for OMX/cmex/m/n on input line 94.
LaTeX Font Info:    ... okay on input line 94.
LaTeX Font Info:    Checking defaults for U/cmr/m/n on input line 94.
LaTeX Font Info:    ... okay on input line 94.
LaTeX Font Info:    Checking defaults for PD1/pdf/m/n on input line 94.
LaTeX Font Info:    ... okay on input line 94.

(/opt/texlive/2020/texmf-dist/tex/context/base/mkii/supp-pdf.mkii
[Loading MPS to PDF converter (version 2006.09.02).]
\scratchcounter=\count198
\scratchdimen=\dimen153
\scratchbox=\box50
\nofMPsegments=\count199
\nofMParguments=\count266
\everyMPshowfont=\toks18
\MPscratchCnt=\count267
\MPscratchDim=\dimen154
\MPnumerator=\count268
\makeMPintoPDFobject=\count269
\everyMPtoPDFconversion=\toks19
) (/opt/texlive/2020/texmf-dist/tex/latex/epstopdf-pkg/epstopdf-base.sty
Package: epstopdf-base 2020-01-24 v2.11 Base part for package epstopdf
Package epstopdf-base Info: Redefining graphics rule for `.eps' on input line 4
85.

(/opt/texlive/2020/texmf-dist/tex/latex/latexconfig/epstopdf-sys.cfg
File: epstopdf-sys.cfg 2010/07/13 v1.3 Configuration of (r)epstopdf for TeX Liv
e
))
\AtBeginShipoutBox=\box51

(/opt/texlive/2020/texmf-dist/tex/latex/graphics/color.sty
Package: color 2019/11/23 v1.2a Standard LaTeX Color (DPC)

(/opt/texlive/2020/texmf-dist/tex/latex/graphics-cfg/color.cfg
File: color.cfg 2016/01/02 v1.6 sample color configuration
)
Package color Info: Driver file: pdftex.def on input line 147.
)
Package hyperref Info: Link coloring ON on input line 94.

(/opt/texlive/2020/texmf-dist/tex/latex/hyperref/nameref.sty
Package: nameref 2019/09/16 v2.46 Cross-referencing by name of section

(/opt/texlive/2020/texmf-dist/tex/latex/refcount/refcount.sty
Package: refcount 2019/12/15 v3.6 Data extraction from label references (HO)
)
(/opt/texlive/2020/texmf-dist/tex/generic/gettitlestring/gettitlestring.sty
Package: gettitlestring 2019/12/15 v1.6 Cleanup title references (HO)
)
\c@section@level=\count270
)
LaTeX Info: Redefining \ref on input line 94.
LaTeX Info: Redefining \pageref on input line 94.
LaTeX Info: Redefining \nameref on input line 94.

(./report.out) (./report.out)
\@outlinefile=\write4
\openout4 = `report.out'.

Package caption Info: Begin \AtBeginDocument code.
Package caption Info: End \AtBeginDocument code.
LaTeX Font Info:    Trying to load font information for U+msa on input line 145
.

(/opt/texlive/2020/texmf-dist/tex/latex/amsfonts/umsa.fd
File: umsa.fd 2013/01/14 v3.01 AMS symbols A
)
LaTeX Font Info:    Trying to load font information for U+msb on input line 145
.

(/opt/texlive/2020/texmf-dist/tex/latex/amsfonts/umsb.fd
File: umsb.fd 2013/01/14 v3.01 AMS symbols B
) [1


{/opt/texlive/2020/texmf-var/fonts/map/pdftex/updmap/pdftex.map}] [2] [3] [4] [
5]
<figs/raw_boxplot.png, id=135, 462.528pt x 346.896pt>
File: figs/raw_boxplot.png Graphic file (type png)
<use figs/raw_boxplot.png>
Package pdftex.def Info: figs/raw_boxplot.png  used on input line 303.
(pdftex.def)             Requested size: 277.51894pt x 208.13919pt.
<figs/scaled_boxplot.png, id=137, 462.528pt x 346.896pt>
File: figs/scaled_boxplot.png Graphic file (type png)
<use figs/scaled_boxplot.png>
Package pdftex.def Info: figs/scaled_boxplot.png  used on input line 309.
(pdftex.def)             Requested size: 277.51894pt x 208.13919pt.
<figs/scree_plot.png, id=138, 462.528pt x 346.896pt>
File: figs/scree_plot.png Graphic file (type png)
<use figs/scree_plot.png>
Package pdftex.def Info: figs/scree_plot.png  used on input line 315.
(pdftex.def)             Requested size: 277.51894pt x 208.13919pt.
<figs/pca_projection.png, id=139, 462.528pt x 346.896pt>
File: figs/pca_projection.png Graphic file (type png)
<use figs/pca_projection.png>
Package pdftex.def Info: figs/pca_projection.png  used on input line 321.
(pdftex.def)             Requested size: 277.51894pt x 208.13919pt.
<figs/bi_plot.png, id=140, 462.528pt x 346.896pt>
File: figs/bi_plot.png Graphic file (type png)
<use figs/bi_plot.png>
Package pdftex.def Info: figs/bi_plot.png  used on input line 327.
(pdftex.def)             Requested size: 277.51894pt x 208.13919pt.
<figs/fat_sodium.png, id=141, 462.528pt x 346.896pt>
File: figs/fat_sodium.png Graphic file (type png)
<use figs/fat_sodium.png>
Package pdftex.def Info: figs/fat_sodium.png  used on input line 334.
(pdftex.def)             Requested size: 277.51894pt x 208.13919pt.
<figs/mois_ash.png, id=142, 462.528pt x 346.896pt>
File: figs/mois_ash.png Graphic file (type png)
<use figs/mois_ash.png>
Package pdftex.def Info: figs/mois_ash.png  used on input line 341.
(pdftex.def)             Requested size: 113.81102pt x 85.35814pt.
<figs/mois_cal.png, id=143, 462.528pt x 346.896pt>
File: figs/mois_cal.png Graphic file (type png)
<use figs/mois_cal.png>
Package pdftex.def Info: figs/mois_cal.png  used on input line 342.
(pdftex.def)             Requested size: 113.81102pt x 85.35814pt.
<figs/mois_carb.png, id=144, 462.528pt x 346.896pt>
File: figs/mois_carb.png Graphic file (type png)
<use figs/mois_carb.png>
Package pdftex.def Info: figs/mois_carb.png  used on input line 344.
(pdftex.def)             Requested size: 113.81102pt x 85.35814pt.
<figs/mois_fat.png, id=145, 462.528pt x 346.896pt>
File: figs/mois_fat.png Graphic file (type png)
<use figs/mois_fat.png>
Package pdftex.def Info: figs/mois_fat.png  used on input line 345.
(pdftex.def)             Requested size: 113.81102pt x 85.35814pt.
<figs/mois_prot.png, id=146, 462.528pt x 346.896pt>
File: figs/mois_prot.png Graphic file (type png)
<use figs/mois_prot.png>
Package pdftex.def Info: figs/mois_prot.png  used on input line 347.
(pdftex.def)             Requested size: 113.81102pt x 85.35814pt.
<figs/mois_sodium.png, id=147, 462.528pt x 346.896pt>
File: figs/mois_sodium.png Graphic file (type png)
<use figs/mois_sodium.png>
Package pdftex.def Info: figs/mois_sodium.png  used on input line 348.
(pdftex.def)             Requested size: 113.81102pt x 85.35814pt.
<figs/brands_mois.png, id=148, 462.528pt x 346.896pt>
File: figs/brands_mois.png Graphic file (type png)
<use figs/brands_mois.png>
Package pdftex.def Info: figs/brands_mois.png  used on input line 355.
(pdftex.def)             Requested size: 227.62204pt x 170.71628pt.
<figs/brands_fat.png, id=149, 462.528pt x 346.896pt>
File: figs/brands_fat.png Graphic file (type png)
<use figs/brands_fat.png>
Package pdftex.def Info: figs/brands_fat.png  used on input line 357.
(pdftex.def)             Requested size: 142.26378pt x 106.70032pt.
<figs/brands_sodium.png, id=150, 462.528pt x 346.896pt>
File: figs/brands_sodium.png Graphic file (type png)
<use figs/brands_sodium.png>
Package pdftex.def Info: figs/brands_sodium.png  used on input line 358.
(pdftex.def)             Requested size: 142.26378pt x 106.70032pt.
<figs/brands_cal.png, id=151, 462.528pt x 346.896pt>
File: figs/brands_cal.png Graphic file (type png)
<use figs/brands_cal.png>
Package pdftex.def Info: figs/brands_cal.png  used on input line 359.
(pdftex.def)             Requested size: 142.26378pt x 106.70032pt.
<figs/brands_carb.png, id=152, 462.528pt x 346.896pt>
File: figs/brands_carb.png Graphic file (type png)
<use figs/brands_carb.png>
Package pdftex.def Info: figs/brands_carb.png  used on input line 361.
(pdftex.def)             Requested size: 142.26378pt x 106.70032pt.
<figs/brands_prot.png, id=153, 462.528pt x 346.896pt>
File: figs/brands_prot.png Graphic file (type png)
<use figs/brands_prot.png>
Package pdftex.def Info: figs/brands_prot.png  used on input line 362.
(pdftex.def)             Requested size: 142.26378pt x 106.70032pt.
<figs/brands_ash.png, id=154, 462.528pt x 346.896pt>
File: figs/brands_ash.png Graphic file (type png)
<use figs/brands_ash.png>
Package pdftex.def Info: figs/brands_ash.png  used on input line 363.
(pdftex.def)             Requested size: 142.26378pt x 106.70032pt.

Overfull \hbox (36.79134pt too wide) in paragraph at lines 355--364
 [][][] 
 []


Overfull \hbox (36.79134pt too wide) in paragraph at lines 355--364
 [][][] 
 []


Overfull \hbox (80.49083pt too wide) in paragraph at lines 372--385
 [][] 
 []

Package atveryend Info: Empty hook `BeforeClearDocument' on input line 406.
[6] [7 <./figs/raw_boxplot.png> <./figs/scaled_boxplot.png>] [8 <./figs/scree_p
lot.png> <./figs/pca_projection.png>] [9 <./figs/bi_plot.png> <./figs/fat_sodiu
m.png>] [10 <./figs/mois_ash.png> <./figs/mois_cal.png> <./figs/mois_carb.png> 
<./figs/mois_fat.png> <./figs/mois_prot.png> <./figs/mois_sodium.png>] [11 <./f
igs/brands_mois.png> <./figs/brands_fat.png> <./figs/brands_sodium.png> <./figs
/brands_cal.png> <./figs/brands_carb.png> <./figs/brands_prot.png> <./figs/bran
ds_ash.png>]
Package atveryend Info: Empty hook `AfterLastShipout' on input line 406.
 (./report.aux)
Package atveryend Info: Executing hook `AtVeryEndDocument' on input line 406.
Package atveryend Info: Executing hook `AtEndAfterFileList' on input line 406.
Package rerunfilecheck Info: File `report.out' has not changed.
(rerunfilecheck)             Checksum: D42FB0A9A9A5E7A4F64E7AB9CAF3A627;548.
Package atveryend Info: Empty hook `AtVeryVeryEnd' on input line 406.
 ) 
Here is how much of TeX's memory you used:
 9345 strings out of 481239
 155163 string characters out of 5893912
 432215 words of memory out of 5000000
 24412 multiletter control sequences out of 15000+600000
 539668 words of font info for 50 fonts, out of 8000000 for 9000
 1141 hyphenation exceptions out of 8191
 41i,8n,42p,541b,433s stack positions out of 5000i,500n,10000p,200000b,80000s
{/opt/texlive/2020/texmf-dist/fonts/enc/dvips/cm-super/cm-super-ts1.enc}</opt
/texlive/2020/texmf-dist/fonts/type1/public/amsfonts/cm/cmbx12.pfb></opt/texliv
e/2020/texmf-dist/fonts/type1/public/amsfonts/cm/cmbxti10.pfb></opt/texlive/202
0/texmf-dist/fonts/type1/public/amsfonts/cm/cmr10.pfb></opt/texlive/2020/texmf-
dist/fonts/type1/public/amsfonts/cm/cmr12.pfb></opt/texlive/2020/texmf-dist/fon
ts/type1/public/amsfonts/cm/cmr17.pfb></opt/texlive/2020/texmf-dist/fonts/type1
/public/amsfonts/cm/cmti10.pfb></opt/texlive/2020/texmf-dist/fonts/type1/public
/amsfonts/cm/cmti12.pfb></opt/texlive/2020/texmf-dist/fonts/type1/public/cm-sup
er/sfrm1200.pfb>
Output written on report.pdf (11 pages, 495476 bytes).
PDF statistics:
 243 PDF objects out of 1000 (max. 8388607)
 182 compressed objects within 2 object streams
 49 named destinations out of 1000 (max. 500000)
 184 words of extra memory for PDF output out of 10000 (max. 10000000)

