\BOOKMARK [1][-]{section.1}{Task1}{}% 1
\BOOKMARK [1][-]{section.2}{Task2}{}% 2
\BOOKMARK [2][-]{subsection.2.1}{Oscilloscope Capture}{section.2}% 3
\BOOKMARK [2][-]{subsection.2.2}{Manual Extraction}{section.2}% 4
\BOOKMARK [2][-]{subsection.2.3}{Acquired Trace}{section.2}% 5
\BOOKMARK [2][-]{subsection.2.4}{SPA}{section.2}% 6
\BOOKMARK [1][-]{section.3}{Task3}{}% 7
\BOOKMARK [2][-]{subsection.3.1}{Overlapping Traces}{section.3}% 8
\BOOKMARK [2][-]{subsection.3.2}{AES XOR}{section.3}% 9
\BOOKMARK [2][-]{subsection.3.3}{Significant Bit}{section.3}% 10
\BOOKMARK [2][-]{subsection.3.4}{DPA}{section.3}% 11
\BOOKMARK [1][-]{section.4}{Task4}{}% 12
\BOOKMARK [2][-]{subsection.4.1}{Fault Injection on RSA-CRT}{section.4}% 13
\BOOKMARK [3][-]{subsubsection.4.1.1}{Using Bellcore Method}{subsection.4.1}% 14
\BOOKMARK [3][-]{subsubsection.4.1.2}{Using Lenstra Method}{subsection.4.1}% 15
\BOOKMARK [2][-]{subsection.4.2}{Counter Measures}{section.4}% 16
\BOOKMARK [3][-]{subsubsection.4.2.1}{Difference between Detection based and Algorithmic}{subsection.4.2}% 17
\BOOKMARK [3][-]{subsubsection.4.2.2}{RSA-CRT Countermeasures}{subsection.4.2}% 18
\BOOKMARK [3][-]{subsubsection.4.2.3}{SPA Prevention}{subsection.4.2}% 19
\BOOKMARK [3][-]{subsubsection.4.2.4}{Time Randomization}{subsection.4.2}% 20
\BOOKMARK [3][-]{subsubsection.4.2.5}{DPA Effects}{subsection.4.2}% 21
\BOOKMARK [1][-]{section.5}{Appendices}{}% 22
